<?xml version="1.0" encoding="UTF-8"?>
<!-- Generated by org.testng.reporters.JUnitReportReporter -->
<testsuite hostname="LAPTOP-M8IMRJU0" failures="0" tests="10" name="com.mindtree.runner.BDDTestRunner" time="242.298" errors="0" timestamp="2022-01-20T23:42:30 IST" skipped="0">
  <testcase classname="com.mindtree.runner.BDDTestRunner" name="runScenario" time="8.555"/>
  <testcase classname="com.mindtree.runner.BDDTestRunner" name="runScenario" time="11.781"/>
  <testcase classname="com.mindtree.runner.BDDTestRunner" name="runScenario" time="15.244"/>
  <testcase classname="com.mindtree.runner.BDDTestRunner" name="runScenario" time="44.819"/>
  <testcase classname="com.mindtree.runner.BDDTestRunner" name="runScenario" time="32.729"/>
  <testcase classname="com.mindtree.runner.BDDTestRunner" name="runScenario" time="42.751"/>
  <testcase classname="com.mindtree.runner.BDDTestRunner" name="runScenario" time="27.517"/>
  <testcase classname="com.mindtree.runner.BDDTestRunner" name="runScenario" time="16.730"/>
  <testcase classname="com.mindtree.runner.BDDTestRunner" name="runScenario" time="21.187"/>
  <testcase classname="com.mindtree.runner.BDDTestRunner" name="runScenario" time="20.985"/>
</testsuite> <!-- com.mindtree.runner.BDDTestRunner -->
